  directx9.cpp
C:\Users\karan bamal\source\repos\CSGO-final\Cheatmenu\hacks.h(106,15): warning C4099: 'entity': type name first seen using 'class' now seen using 'struct'
C:\Users\karan bamal\source\repos\CSGO-final\Cheatmenu\hacks.h(71): message : see declaration of 'entity'
C:\Users\karan bamal\source\repos\CSGO-final\Cheatmenu\hacks.h(224,29): warning C4244: 'argument': conversion from 'double' to 'float', possible loss of data
C:\Users\karan bamal\source\repos\CSGO-final\Cheatmenu\hacks.h(225,29): warning C4244: 'argument': conversion from 'double' to 'float', possible loss of data
C:\Users\karan bamal\source\repos\CSGO-final\Cheatmenu\hacks.h(226,29): warning C4244: 'argument': conversion from 'double' to 'float', possible loss of data
C:\Users\karan bamal\source\repos\CSGO-final\Cheatmenu\hacks.h(241,138): warning C4244: 'return': conversion from 'double' to 'float', possible loss of data
C:\Users\karan bamal\source\repos\CSGO-final\Cheatmenu\hacks.h(286,13): warning C4244: 'initializing': conversion from 'double' to 'float', possible loss of data
C:\Users\karan bamal\source\repos\CSGO-final\Cheatmenu\hacks.h(287,15): warning C4244: 'initializing': conversion from 'double' to 'float', possible loss of data
C:\Users\karan bamal\source\repos\CSGO-final\Cheatmenu\hacks.h(297,1): warning C4305: '=': truncation from 'double' to 'float'
C:\Users\karan bamal\source\repos\CSGO-final\Cheatmenu\hacks.h(316,1): warning C4305: '=': truncation from 'double' to 'float'
C:\Users\karan bamal\source\repos\CSGO-final\Cheatmenu\hacks.h(329,13): warning C4244: '=': conversion from 'float' to 'BYTE', possible loss of data
C:\Users\karan bamal\source\repos\CSGO-final\Cheatmenu\hacks.h(330,15): warning C4244: '=': conversion from 'float' to 'BYTE', possible loss of data
C:\Users\karan bamal\source\repos\CSGO-final\Cheatmenu\hacks.h(331,14): warning C4244: '=': conversion from 'float' to 'BYTE', possible loss of data
  dllmain.cpp
C:\Users\karan bamal\source\repos\CSGO-final\Cheatmenu\hacks.h(106,15): warning C4099: 'entity': type name first seen using 'class' now seen using 'struct'
C:\Users\karan bamal\source\repos\CSGO-final\Cheatmenu\hacks.h(71): message : see declaration of 'entity'
C:\Users\karan bamal\source\repos\CSGO-final\Cheatmenu\hacks.h(224,29): warning C4244: 'argument': conversion from 'double' to 'float', possible loss of data
C:\Users\karan bamal\source\repos\CSGO-final\Cheatmenu\hacks.h(225,29): warning C4244: 'argument': conversion from 'double' to 'float', possible loss of data
C:\Users\karan bamal\source\repos\CSGO-final\Cheatmenu\hacks.h(226,29): warning C4244: 'argument': conversion from 'double' to 'float', possible loss of data
C:\Users\karan bamal\source\repos\CSGO-final\Cheatmenu\hacks.h(241,138): warning C4244: 'return': conversion from 'double' to 'float', possible loss of data
C:\Users\karan bamal\source\repos\CSGO-final\Cheatmenu\hacks.h(286,13): warning C4244: 'initializing': conversion from 'double' to 'float', possible loss of data
C:\Users\karan bamal\source\repos\CSGO-final\Cheatmenu\hacks.h(287,15): warning C4244: 'initializing': conversion from 'double' to 'float', possible loss of data
C:\Users\karan bamal\source\repos\CSGO-final\Cheatmenu\hacks.h(297,1): warning C4305: '=': truncation from 'double' to 'float'
C:\Users\karan bamal\source\repos\CSGO-final\Cheatmenu\hacks.h(316,1): warning C4305: '=': truncation from 'double' to 'float'
C:\Users\karan bamal\source\repos\CSGO-final\Cheatmenu\hacks.h(329,13): warning C4244: '=': conversion from 'float' to 'BYTE', possible loss of data
C:\Users\karan bamal\source\repos\CSGO-final\Cheatmenu\hacks.h(330,15): warning C4244: '=': conversion from 'float' to 'BYTE', possible loss of data
C:\Users\karan bamal\source\repos\CSGO-final\Cheatmenu\hacks.h(331,14): warning C4244: '=': conversion from 'float' to 'BYTE', possible loss of data
C:\Users\karan bamal\source\repos\CSGO-final\Cheatmenu\dllmain.cpp(77,22): warning C4305: '=': truncation from 'double' to 'float'
C:\Users\karan bamal\source\repos\CSGO-final\Cheatmenu\dllmain.cpp(78,22): warning C4305: '=': truncation from 'double' to 'float'
C:\Users\karan bamal\source\repos\CSGO-final\Cheatmenu\dllmain.cpp(79,22): warning C4305: '=': truncation from 'double' to 'float'
C:\Users\karan bamal\source\repos\CSGO-final\Cheatmenu\dllmain.cpp(80,23): warning C4305: '=': truncation from 'double' to 'float'
C:\Users\karan bamal\source\repos\CSGO-final\Cheatmenu\dllmain.cpp(81,23): warning C4305: '=': truncation from 'double' to 'float'
C:\Users\karan bamal\source\repos\CSGO-final\Cheatmenu\dllmain.cpp(86,27): warning C4244: '=': conversion from 'float' to 'int', possible loss of data
C:\Users\karan bamal\source\repos\CSGO-final\Cheatmenu\dllmain.cpp(393,32): warning C4244: 'argument': conversion from 'float' to 'int', possible loss of data
C:\Users\karan bamal\source\repos\CSGO-final\Cheatmenu\dllmain.cpp(393,22): warning C4244: 'argument': conversion from 'float' to 'int', possible loss of data
C:\Users\karan bamal\source\repos\CSGO-final\Cheatmenu\dllmain.cpp(419,31): warning C4244: 'argument': conversion from 'float' to 'int', possible loss of data
C:\Users\karan bamal\source\repos\CSGO-final\Cheatmenu\dllmain.cpp(419,21): warning C4244: 'argument': conversion from 'float' to 'int', possible loss of data
  drawing.cpp
C:\Users\karan bamal\source\repos\CSGO-final\Cheatmenu\hacks.h(106,15): warning C4099: 'entity': type name first seen using 'class' now seen using 'struct'
C:\Users\karan bamal\source\repos\CSGO-final\Cheatmenu\hacks.h(71): message : see declaration of 'entity'
C:\Users\karan bamal\source\repos\CSGO-final\Cheatmenu\hacks.h(224,29): warning C4244: 'argument': conversion from 'double' to 'float', possible loss of data
C:\Users\karan bamal\source\repos\CSGO-final\Cheatmenu\hacks.h(225,29): warning C4244: 'argument': conversion from 'double' to 'float', possible loss of data
C:\Users\karan bamal\source\repos\CSGO-final\Cheatmenu\hacks.h(226,29): warning C4244: 'argument': conversion from 'double' to 'float', possible loss of data
C:\Users\karan bamal\source\repos\CSGO-final\Cheatmenu\hacks.h(241,138): warning C4244: 'return': conversion from 'double' to 'float', possible loss of data
C:\Users\karan bamal\source\repos\CSGO-final\Cheatmenu\hacks.h(286,13): warning C4244: 'initializing': conversion from 'double' to 'float', possible loss of data
C:\Users\karan bamal\source\repos\CSGO-final\Cheatmenu\hacks.h(287,15): warning C4244: 'initializing': conversion from 'double' to 'float', possible loss of data
C:\Users\karan bamal\source\repos\CSGO-final\Cheatmenu\hacks.h(297,1): warning C4305: '=': truncation from 'double' to 'float'
C:\Users\karan bamal\source\repos\CSGO-final\Cheatmenu\hacks.h(316,1): warning C4305: '=': truncation from 'double' to 'float'
C:\Users\karan bamal\source\repos\CSGO-final\Cheatmenu\hacks.h(329,13): warning C4244: '=': conversion from 'float' to 'BYTE', possible loss of data
C:\Users\karan bamal\source\repos\CSGO-final\Cheatmenu\hacks.h(330,15): warning C4244: '=': conversion from 'float' to 'BYTE', possible loss of data
C:\Users\karan bamal\source\repos\CSGO-final\Cheatmenu\hacks.h(331,14): warning C4244: '=': conversion from 'float' to 'BYTE', possible loss of data
C:\Users\karan bamal\source\repos\CSGO-final\Cheatmenu\drawing.cpp(45,26): warning C4244: 'argument': conversion from 'int' to 'float', possible loss of data
C:\Users\karan bamal\source\repos\CSGO-final\Cheatmenu\drawing.cpp(45,20): warning C4244: 'argument': conversion from 'int' to 'float', possible loss of data
C:\Users\karan bamal\source\repos\CSGO-final\Cheatmenu\drawing.cpp(62,28): warning C4244: 'argument': conversion from 'int' to 'FLOAT', possible loss of data
C:\Users\karan bamal\source\repos\CSGO-final\Cheatmenu\drawing.cpp(62,24): warning C4244: 'argument': conversion from 'int' to 'FLOAT', possible loss of data
C:\Users\karan bamal\source\repos\CSGO-final\Cheatmenu\drawing.cpp(63,28): warning C4244: 'argument': conversion from 'int' to 'FLOAT', possible loss of data
C:\Users\karan bamal\source\repos\CSGO-final\Cheatmenu\drawing.cpp(63,24): warning C4244: 'argument': conversion from 'int' to 'FLOAT', possible loss of data
C:\Users\karan bamal\source\repos\CSGO-final\Cheatmenu\drawing.cpp(64,24): warning C4244: 'argument': conversion from 'int' to 'FLOAT', possible loss of data
C:\Users\karan bamal\source\repos\CSGO-final\Cheatmenu\drawing.cpp(77,40): warning C4244: 'argument': conversion from 'float' to 'int', possible loss of data
C:\Users\karan bamal\source\repos\CSGO-final\Cheatmenu\drawing.cpp(77,33): warning C4244: 'argument': conversion from 'float' to 'int', possible loss of data
C:\Users\karan bamal\source\repos\CSGO-final\Cheatmenu\drawing.cpp(77,26): warning C4244: 'argument': conversion from 'float' to 'int', possible loss of data
C:\Users\karan bamal\source\repos\CSGO-final\Cheatmenu\drawing.cpp(77,19): warning C4244: 'argument': conversion from 'float' to 'int', possible loss of data
C:\Users\karan bamal\source\repos\CSGO-final\Cheatmenu\drawing.cpp(80,26): warning C4244: 'argument': conversion from 'float' to 'int', possible loss of data
C:\Users\karan bamal\source\repos\CSGO-final\Cheatmenu\drawing.cpp(80,23): warning C4244: 'argument': conversion from 'float' to 'int', possible loss of data
C:\Users\karan bamal\source\repos\CSGO-final\Cheatmenu\drawing.cpp(80,20): warning C4244: 'argument': conversion from 'float' to 'int', possible loss of data
C:\Users\karan bamal\source\repos\CSGO-final\Cheatmenu\drawing.cpp(80,17): warning C4244: 'argument': conversion from 'float' to 'int', possible loss of data
C:\Users\karan bamal\source\repos\CSGO-final\Cheatmenu\drawing.cpp(88,9): warning C4244: 'initializing': conversion from 'float' to 'int', possible loss of data
C:\Users\karan bamal\source\repos\CSGO-final\Cheatmenu\drawing.cpp(94,13): warning C4244: 'initializing': conversion from 'float' to 'int', possible loss of data
C:\Users\karan bamal\source\repos\CSGO-final\Cheatmenu\drawing.cpp(95,15): warning C4244: 'initializing': conversion from 'float' to 'int', possible loss of data
C:\Users\karan bamal\source\repos\CSGO-final\Cheatmenu\drawing.cpp(96,15): warning C4244: 'initializing': conversion from 'float' to 'int', possible loss of data
C:\Users\karan bamal\source\repos\CSGO-final\Cheatmenu\drawing.cpp(118,13): warning C4244: 'initializing': conversion from 'float' to 'int', possible loss of data
C:\Users\karan bamal\source\repos\CSGO-final\Cheatmenu\drawing.cpp(136,37): warning C4244: 'argument': conversion from 'float' to 'int', possible loss of data
C:\Users\karan bamal\source\repos\CSGO-final\Cheatmenu\drawing.cpp(136,29): warning C4244: 'argument': conversion from 'float' to 'int', possible loss of data
C:\Users\karan bamal\source\repos\CSGO-final\Cheatmenu\drawing.cpp(136,21): warning C4244: 'argument': conversion from 'float' to 'int', possible loss of data
C:\Users\karan bamal\source\repos\CSGO-final\Cheatmenu\drawing.cpp(136,14): warning C4244: 'argument': conversion from 'float' to 'int', possible loss of data
C:\Users\karan bamal\source\repos\CSGO-final\Cheatmenu\drawing.cpp(142,15): warning C4244: 'initializing': conversion from 'float' to 'int', possible loss of data
C:\Users\karan bamal\source\repos\CSGO-final\Cheatmenu\drawing.cpp(147,25): warning C4244: '=': conversion from 'double' to 'float', possible loss of data
C:\Users\karan bamal\source\repos\CSGO-final\Cheatmenu\drawing.cpp(148,25): warning C4244: '=': conversion from 'double' to 'float', possible loss of data
C:\Users\karan bamal\source\repos\CSGO-final\Cheatmenu\drawing.cpp(149,25): warning C4244: '=': conversion from 'double' to 'float', possible loss of data
C:\Users\karan bamal\source\repos\CSGO-final\Cheatmenu\drawing.cpp(150,25): warning C4244: '=': conversion from 'double' to 'float', possible loss of data
C:\Users\karan bamal\source\repos\CSGO-final\Cheatmenu\drawing.cpp(152,25): warning C4244: '=': conversion from 'double' to 'float', possible loss of data
C:\Users\karan bamal\source\repos\CSGO-final\Cheatmenu\drawing.cpp(153,25): warning C4244: '=': conversion from 'double' to 'float', possible loss of data
C:\Users\karan bamal\source\repos\CSGO-final\Cheatmenu\drawing.cpp(154,25): warning C4244: '=': conversion from 'double' to 'float', possible loss of data
C:\Users\karan bamal\source\repos\CSGO-final\Cheatmenu\drawing.cpp(155,25): warning C4244: '=': conversion from 'double' to 'float', possible loss of data
C:\Users\karan bamal\source\repos\CSGO-final\Cheatmenu\drawing.cpp(194,13): warning C4244: 'initializing': conversion from 'float' to 'int', possible loss of data
C:\Users\karan bamal\source\repos\CSGO-final\Cheatmenu\drawing.cpp(195,12): warning C4244: 'initializing': conversion from 'float' to 'int', possible loss of data
  mem.cpp
C:\Users\karan bamal\source\repos\CSGO-final\Cheatmenu\hacks.h(106,15): warning C4099: 'entity': type name first seen using 'class' now seen using 'struct'
C:\Users\karan bamal\source\repos\CSGO-final\Cheatmenu\hacks.h(71): message : see declaration of 'entity'
C:\Users\karan bamal\source\repos\CSGO-final\Cheatmenu\hacks.h(224,29): warning C4244: 'argument': conversion from 'double' to 'float', possible loss of data
C:\Users\karan bamal\source\repos\CSGO-final\Cheatmenu\hacks.h(225,29): warning C4244: 'argument': conversion from 'double' to 'float', possible loss of data
C:\Users\karan bamal\source\repos\CSGO-final\Cheatmenu\hacks.h(226,29): warning C4244: 'argument': conversion from 'double' to 'float', possible loss of data
C:\Users\karan bamal\source\repos\CSGO-final\Cheatmenu\hacks.h(241,138): warning C4244: 'return': conversion from 'double' to 'float', possible loss of data
C:\Users\karan bamal\source\repos\CSGO-final\Cheatmenu\hacks.h(286,13): warning C4244: 'initializing': conversion from 'double' to 'float', possible loss of data
C:\Users\karan bamal\source\repos\CSGO-final\Cheatmenu\hacks.h(287,15): warning C4244: 'initializing': conversion from 'double' to 'float', possible loss of data
C:\Users\karan bamal\source\repos\CSGO-final\Cheatmenu\hacks.h(297,1): warning C4305: '=': truncation from 'double' to 'float'
C:\Users\karan bamal\source\repos\CSGO-final\Cheatmenu\hacks.h(316,1): warning C4305: '=': truncation from 'double' to 'float'
C:\Users\karan bamal\source\repos\CSGO-final\Cheatmenu\hacks.h(329,13): warning C4244: '=': conversion from 'float' to 'BYTE', possible loss of data
C:\Users\karan bamal\source\repos\CSGO-final\Cheatmenu\hacks.h(330,15): warning C4244: '=': conversion from 'float' to 'BYTE', possible loss of data
C:\Users\karan bamal\source\repos\CSGO-final\Cheatmenu\hacks.h(331,14): warning C4244: '=': conversion from 'float' to 'BYTE', possible loss of data
  Generating Code...
  Cheatmenu.vcxproj -> C:\Users\karan bamal\source\repos\CSGO-final\Debug\Cheatmenu.dll
